Started on Oct 3, 2025, 8:47:00 AM
Using strategy: Default
[poll] Last Built Revision: Revision 01c852a31a9d3b8d5fc96c7df858355b2a6d896d (refs/remotes/origin/main)
Selected Git installation does not exist. Using Default
The recommended git tool is: NONE
using credential git-credentials
 > git --version # timeout=10
 > git --version # 'git version 2.39.5'
using GIT_SSH to set credentials GitHub SSH Key for tbk repository
Verifying host key using known hosts file
 > git ls-remote -h -- git@github.com:maozhuey/tbk.git # timeout=10
Found 2 remote heads on git@github.com:maozhuey/tbk.git
[poll] Latest remote head revision on refs/heads/main is: 03ff51c08dd95265369d9b1587f441ff9d0e39ea
Using strategy: Default
[poll] Last Built Revision: Revision 01c852a31a9d3b8d5fc96c7df858355b2a6d896d (refs/remotes/origin/main)
Selected Git installation does not exist. Using Default
The recommended git tool is: NONE
using credential git-credentials
 > git --version # timeout=10
 > git --version # 'git version 2.39.5'
using GIT_SSH to set credentials GitHub SSH Key for tbk repository
Verifying host key using known hosts file
 > git ls-remote -h -- git@github.com:maozhuey/tbk.git # timeout=10
Found 2 remote heads on git@github.com:maozhuey/tbk.git
[poll] Latest remote head revision on refs/heads/main is: 03ff51c08dd95265369d9b1587f441ff9d0e39ea
Done. Took 9.2 sec
Changes found
