Started on Oct 3, 2025, 6:22:00 AM
Using strategy: Default
[poll] Last Built Revision: Revision f8930d80dc4e16176a10ac5f33828935a9b93773 (refs/remotes/origin/main)
Selected Git installation does not exist. Using Default
The recommended git tool is: NONE
using credential git-credentials
 > git --version # timeout=10
 > git --version # 'git version 2.39.5'
using GIT_SSH to set credentials GitHub SSH Key for tbk repository
Verifying host key using known hosts file
 > git ls-remote -h -- git@github.com:maozhuey/tbk.git # timeout=10
Found 2 remote heads on git@github.com:maozhuey/tbk.git
[poll] Latest remote head revision on refs/heads/main is: 6335a28b939fbb89c1ea0eb896b7d5dd67f32a6b
Using strategy: Default
[poll] Last Built Revision: Revision f8930d80dc4e16176a10ac5f33828935a9b93773 (refs/remotes/origin/main)
Selected Git installation does not exist. Using Default
The recommended git tool is: NONE
using credential git-credentials
 > git --version # timeout=10
 > git --version # 'git version 2.39.5'
using GIT_SSH to set credentials GitHub SSH Key for tbk repository
Verifying host key using known hosts file
 > git ls-remote -h -- git@github.com:maozhuey/tbk.git # timeout=10
Found 2 remote heads on git@github.com:maozhuey/tbk.git
[poll] Latest remote head revision on refs/heads/main is: 6335a28b939fbb89c1ea0eb896b7d5dd67f32a6b
Done. Took 7.8 sec
Changes found
