Started on Oct 3, 2025, 7:32:00 AM
Using strategy: Default
[poll] Last Built Revision: Revision 6335a28b939fbb89c1ea0eb896b7d5dd67f32a6b (refs/remotes/origin/main)
Selected Git installation does not exist. Using Default
The recommended git tool is: NONE
using credential git-credentials
 > git --version # timeout=10
 > git --version # 'git version 2.39.5'
using GIT_SSH to set credentials GitHub SSH Key for tbk repository
Verifying host key using known hosts file
 > git ls-remote -h -- git@github.com:maozhuey/tbk.git # timeout=10
Found 2 remote heads on git@github.com:maozhuey/tbk.git
[poll] Latest remote head revision on refs/heads/main is: 262005a6e1463d1fcba813c3faff405da5269efc
Using strategy: Default
[poll] Last Built Revision: Revision 6335a28b939fbb89c1ea0eb896b7d5dd67f32a6b (refs/remotes/origin/main)
Selected Git installation does not exist. Using Default
The recommended git tool is: NONE
using credential git-credentials
 > git --version # timeout=10
 > git --version # 'git version 2.39.5'
using GIT_SSH to set credentials GitHub SSH Key for tbk repository
Verifying host key using known hosts file
 > git ls-remote -h -- git@github.com:maozhuey/tbk.git # timeout=10
Found 2 remote heads on git@github.com:maozhuey/tbk.git
[poll] Latest remote head revision on refs/heads/main is: 262005a6e1463d1fcba813c3faff405da5269efc
Done. Took 8 sec
Changes found
