Started on Oct 3, 2025, 8:42:00 AM
Using strategy: Default
[poll] Last Built Revision: Revision 806610e996f403af226f4593970e5808f2cc341f (refs/remotes/origin/main)
Selected Git installation does not exist. Using Default
The recommended git tool is: NONE
using credential git-credentials
 > git --version # timeout=10
 > git --version # 'git version 2.39.5'
using GIT_SSH to set credentials GitHub SSH Key for tbk repository
Verifying host key using known hosts file
 > git ls-remote -h -- git@github.com:maozhuey/tbk.git # timeout=10
Found 2 remote heads on git@github.com:maozhuey/tbk.git
[poll] Latest remote head revision on refs/heads/main is: 01c852a31a9d3b8d5fc96c7df858355b2a6d896d
Using strategy: Default
[poll] Last Built Revision: Revision 806610e996f403af226f4593970e5808f2cc341f (refs/remotes/origin/main)
Selected Git installation does not exist. Using Default
The recommended git tool is: NONE
using credential git-credentials
 > git --version # timeout=10
 > git --version # 'git version 2.39.5'
using GIT_SSH to set credentials GitHub SSH Key for tbk repository
Verifying host key using known hosts file
 > git ls-remote -h -- git@github.com:maozhuey/tbk.git # timeout=10
Found 2 remote heads on git@github.com:maozhuey/tbk.git
[poll] Latest remote head revision on refs/heads/main is: 01c852a31a9d3b8d5fc96c7df858355b2a6d896d
Done. Took 7.4 sec
Changes found
