Started on Oct 3, 2025, 5:03:00 PM
Using strategy: Default
[poll] Last Built Revision: Revision 03ff51c08dd95265369d9b1587f441ff9d0e39ea (refs/remotes/origin/main)
Selected Git installation does not exist. Using Default
The recommended git tool is: NONE
using credential git-credentials
 > git --version # timeout=10
 > git --version # 'git version 2.39.5'
using GIT_SSH to set credentials GitHub SSH Key for tbk repository
Verifying host key using known hosts file
 > git ls-remote -h -- git@github.com:maozhuey/tbk.git # timeout=10
Found 2 remote heads on git@github.com:maozhuey/tbk.git
[poll] Latest remote head revision on refs/heads/main is: 7f9731a215d8eb8dc6e4cf493e4d77b7abbf9981
Using strategy: Default
[poll] Last Built Revision: Revision 03ff51c08dd95265369d9b1587f441ff9d0e39ea (refs/remotes/origin/main)
Selected Git installation does not exist. Using Default
The recommended git tool is: NONE
using credential git-credentials
 > git --version # timeout=10
 > git --version # 'git version 2.39.5'
using GIT_SSH to set credentials GitHub SSH Key for tbk repository
Verifying host key using known hosts file
 > git ls-remote -h -- git@github.com:maozhuey/tbk.git # timeout=10
Found 2 remote heads on git@github.com:maozhuey/tbk.git
[poll] Latest remote head revision on refs/heads/main is: 7f9731a215d8eb8dc6e4cf493e4d77b7abbf9981
Done. Took 8.5 sec
Changes found
